{
  "RSpec": {
    "coverage": {
      "/Users/Kami/turing/fitbeat/app/helpers/application_helper.rb": [
        1,
        null
      ],
      "/Users/Kami/turing/fitbeat/app/controllers/pages_controller.rb": [
        1,
        null,
        1,
        4,
        null,
        null,
        1,
        2,
        null,
        null,
        1,
        3,
        3,
        2,
        2,
        null,
        1,
        null,
        null,
        null,
        null
      ],
      "/Users/Kami/turing/fitbeat/app/controllers/application_controller.rb": [
        1,
        1,
        1,
        null,
        1,
        null,
        1,
        3,
        3,
        3,
        3,
        null,
        null,
        null,
        null
      ],
      "/Users/Kami/turing/fitbeat/app/controllers/playlists_controller.rb": [
        1,
        null,
        1,
        2,
        2,
        null,
        2,
        null,
        null,
        1,
        1,
        1,
        null,
        null,
        1,
        1,
        1,
        1,
        null,
        1,
        null,
        null,
        null
      ],
      "/Users/Kami/turing/fitbeat/app/controllers/sessions_controller.rb": [
        1,
        null,
        1,
        5,
        5,
        5,
        5,
        5,
        null,
        0,
        null,
        null,
        null,
        1,
        1,
        1,
        null,
        null,
        1,
        2,
        2,
        null,
        null,
        null
      ],
      "/Users/Kami/turing/fitbeat/app/models/fitbit_day.rb": [
        1,
        1,
        null,
        1,
        13,
        13,
        13,
        13,
        13,
        13,
        null,
        null,
        null
      ],
      "/Users/Kami/turing/fitbeat/app/services/heart_data.rb": [
        1,
        1,
        null,
        1,
        3,
        null,
        null,
        1,
        16,
        null,
        null,
        1,
        14,
        null,
        null,
        null
      ],
      "/Users/Kami/turing/fitbeat/app/models/track.rb": [
        1,
        1,
        null,
        1,
        197,
        197,
        197,
        197,
        null,
        null,
        null
      ],
      "/Users/Kami/turing/fitbeat/app/models/user.rb": [
        1,
        1,
        1,
        1,
        null,
        1,
        5,
        5,
        5,
        null,
        null,
        1,
        1,
        1,
        null,
        null,
        null,
        1,
        5,
        null,
        null,
        null,
        null,
        null,
        null,
        null,
        1,
        1,
        null,
        null,
        null,
        null,
        null,
        null,
        null,
        1,
        1,
        null,
        null,
        1,
        2,
        2,
        2,
        null,
        null,
        1,
        2,
        2,
        null,
        null,
        1,
        1,
        1,
        null,
        null,
        1,
        2,
        2,
        null,
        null,
        1,
        1,
        1,
        null,
        null,
        null
      ],
      "/Users/Kami/turing/fitbeat/app/services/fitbit_service.rb": [
        1,
        null,
        1,
        2,
        null,
        null,
        null,
        1,
        1,
        1,
        null,
        null,
        null,
        null
      ],
      "/Users/Kami/turing/fitbeat/app/services/spotify_service.rb": [
        1,
        null,
        1,
        2,
        2,
        null,
        null,
        null,
        null,
        1,
        2,
        null,
        null,
        null,
        null,
        1,
        3,
        null,
        null,
        1,
        2,
        null,
        null,
        1,
        0,
        null,
        null,
        1,
        1,
        null,
        null,
        1,
        1,
        null,
        null,
        null
      ],
      "/Users/Kami/turing/fitbeat/app/models/fitbit_credential.rb": [
        1,
        1,
        null
      ],
      "/Users/Kami/turing/fitbeat/app/models/playlist.rb": [
        1,
        1,
        null,
        1,
        3,
        null,
        null,
        null
      ],
      "/Users/Kami/turing/fitbeat/app/services/playlist_manager.rb": [
        1,
        null,
        1,
        2,
        2,
        null,
        null,
        1,
        3,
        3,
        null,
        null,
        1,
        198,
        null,
        null,
        null,
        null,
        null,
        1,
        1,
        0,
        0,
        null,
        1,
        1,
        null,
        1,
        1,
        1,
        99,
        1,
        null,
        null,
        1,
        1,
        null,
        0,
        null,
        0,
        null,
        0,
        null,
        0,
        null,
        1,
        null,
        null,
        null,
        1,
        1,
        99,
        null,
        null,
        1,
        51,
        49,
        1,
        null,
        null,
        null
      ],
      "/Users/Kami/turing/fitbeat/app/models/spotify_credential.rb": [
        1,
        1,
        null
      ]
    },
    "timestamp": 1466057847
  }
}
